Active-HDL 10.5.217.6767 2019-12-28 14:34:52

Elaboration top modules:
VHDL Configuration            testbench_for_combinationlocksystem


--------------------------------------------------------------------------------------------------------------------------
Entity                   | Architecture          | Library         | Info | Compiler Version        | Compilation Options
--------------------------------------------------------------------------------------------------------------------------
CombinationLockSystem_TB | TB_ARCHITECTURE       | combinationlock |      | 10.5.217.6767 (Windows) | -O3
CombinationLockSystem    | CombinationLockSystem | combinationlock |      | 10.5.217.6767 (Windows) | -O3
CombinationLock          | CombinationLock_arch  | combinationlock |      | 10.5.217.6767 (Windows) | -O3
Display                  | Display               | combinationlock |      | 10.5.217.6767 (Windows) | -O3
Prescaler                | Prescaler             | combinationlock |      | 10.5.217.6767 (Windows) | -O3
Debouncer                | Debouncer             | combinationlock |      | 10.5.217.6767 (Windows) | -O3
--------------------------------------------------------------------------------------------------------------------------

--------------------------------------------------------------------------------------------------------------------------
VHDL Configuration                               | Library         | Info | Compiler Version        | Compilation Options
--------------------------------------------------------------------------------------------------------------------------
testbench_for_combinationlocksystem              | combinationlock |      |                         | <unavailable>
--------------------------------------------------------------------------------------------------------------------------

--------------------------------------------------------------------------------------------------------------------------
VHDL Package                                     | Library         | Info | Compiler Version        | Compilation Options
--------------------------------------------------------------------------------------------------------------------------
standard                                         | std             |      |                         | <unavailable>
TEXTIO                                           | std             |      |                         | <unavailable>
std_logic_1164                                   | ieee            |      |                         | <unavailable>
std_logic_arith                                  | ieee            |      |                         | <unavailable>
STD_LOGIC_UNSIGNED                               | ieee            |      |                         | <unavailable>
STD_LOGIC_SIGNED                                 | ieee            |      |                         | <unavailable>
--------------------------------------------------------------------------------------------------------------------------

--------------------------------------------------------------------------------------------------------------------------
Library                                          | Comment
--------------------------------------------------------------------------------------------------------------------------
combinationlock                                  | None
ieee                                             | Standard IEEE packages library
std                                              | Standard VHDL library
--------------------------------------------------------------------------------------------------------------------------
