Copyright 1986-2017 Xilinx, Inc. All Rights Reserved.
--------------------------------------------------------------------------------------------------
| Tool Version : Vivado v.2017.4 (win64) Build 2086221 Fri Dec 15 20:55:39 MST 2017
| Date         : Sat Jan 19 16:58:13 2019
| Host         : Lenovo-Y50 running 64-bit major release  (build 9200)
| Command      : report_control_sets -verbose -file CombinationLockSystem_control_sets_placed.rpt
| Design       : CombinationLockSystem
| Device       : xc7a100t
--------------------------------------------------------------------------------------------------

Control Set Information

Table of Contents
-----------------
1. Summary
2. Flip-Flop Distribution
3. Detailed Control Set Information

1. Summary
----------

+----------------------------------------------------------+-------+
|                          Status                          | Count |
+----------------------------------------------------------+-------+
| Number of unique control sets                            |    12 |
| Unused register locations in slices containing registers |    33 |
+----------------------------------------------------------+-------+


2. Flip-Flop Distribution
-------------------------

+--------------+-----------------------+------------------------+-----------------+--------------+
| Clock Enable | Synchronous Set/Reset | Asynchronous Set/Reset | Total Registers | Total Slices |
+--------------+-----------------------+------------------------+-----------------+--------------+
| No           | No                    | No                     |              44 |           22 |
| No           | No                    | Yes                    |               0 |            0 |
| No           | Yes                   | No                     |              72 |           21 |
| Yes          | No                    | No                     |              43 |           22 |
| Yes          | No                    | Yes                    |               0 |            0 |
| Yes          | Yes                   | No                     |              32 |            8 |
+--------------+-----------------------+------------------------+-----------------+--------------+


3. Detailed Control Set Information
-----------------------------------

+----------------+------------------------------------+------------------------------+------------------+----------------+
|  Clock Signal  |            Enable Signal           |       Set/Reset Signal       | Slice Load Count | Bel Load Count |
+----------------+------------------------------------+------------------------------+------------------+----------------+
|  CLK_IBUF_BUFG |                                    | U1/eqOp                      |                1 |              3 |
|  CLK_IBUF_BUFG |                                    |                              |                3 |              4 |
|  NET1914_BUFG  | U1/FSM_sequential_State[3]_i_1_n_0 |                              |                2 |              4 |
|  NET1914_BUFG  |                                    |                              |                3 |              5 |
|  NET1914_BUFG  | U1/DELTA                           |                              |                5 |              8 |
|  NET2111_BUFG  | U2/SEV_SEG[14]_i_1_n_0             |                              |                9 |             15 |
|  NET1914_BUFG  | U1/PASSWORD[15]_i_1_n_0            |                              |                6 |             16 |
|  NET2111_BUFG  |                                    | U1/whole_text_reg[55]        |                7 |             20 |
|  CLK_IBUF_BUFG |                                    | NET2111_BUFG                 |                6 |             21 |
|  CLK_IBUF_BUFG |                                    | NET1914_BUFG                 |                7 |             28 |
|  CLK_IBUF_BUFG | U2/white_led_time_reg[31]_0        | U2/white_led_time[0]_i_1_n_0 |                8 |             32 |
|  NET2111_BUFG  |                                    |                              |               16 |             35 |
+----------------+------------------------------------+------------------------------+------------------+----------------+


+--------+-----------------------+
| Fanout | Number of ControlSets |
+--------+-----------------------+
| 3      |                     1 |
| 4      |                     2 |
| 5      |                     1 |
| 8      |                     1 |
| 15     |                     1 |
| 16+    |                     6 |
+--------+-----------------------+


