Copyright 1986-2017 Xilinx, Inc. All Rights Reserved.
---------------------------------------------------------------------------------------------
| Tool Version : Vivado v.2017.4 (win64) Build 2086221 Fri Dec 15 20:55:39 MST 2017
| Date         : Sat Jan 19 01:32:26 2019
| Host         : Lenovo-Y50 running 64-bit major release  (build 9200)
| Command      : report_timing_summary -file CombinationLockSystem_timing_summary_placed.rpt
| Design       : CombinationLockSystem
| Device       : 7a100t-csg324
| Speed File   : -1  PRODUCTION 1.20 2017-11-01
---------------------------------------------------------------------------------------------

Timing Summary Report

------------------------------------------------------------------------------------------------
| Timer Settings
| --------------
------------------------------------------------------------------------------------------------

  Enable Multi Corner Analysis               :  Yes
  Enable Pessimism Removal                   :  Yes
  Pessimism Removal Resolution               :  Nearest Common Node
  Enable Input Delay Default Clock           :  No
  Enable Preset / Clear Arcs                 :  No
  Disable Flight Delays                      :  No
  Ignore I/O Paths                           :  No
  Timing Early Launch at Borrowing Latches   :  false

  Corner  Analyze    Analyze    
  Name    Max Paths  Min Paths  
  ------  ---------  ---------  
  Slow    Yes        Yes        
  Fast    Yes        Yes        



check_timing report

Table of Contents
-----------------
1. checking no_clock
2. checking constant_clock
3. checking pulse_width_clock
4. checking unconstrained_internal_endpoints
5. checking no_input_delay
6. checking no_output_delay
7. checking multiple_clock
8. checking generated_clocks
9. checking loops
10. checking partial_input_delay
11. checking partial_output_delay
12. checking latch_loops

1. checking no_clock
--------------------
 There are 33 register/latch pins with no clock driven by root clock pin: U4/divider_reg[0]/Q (HIGH)

 There are 33 register/latch pins with no clock driven by root clock pin: U4/divider_reg[10]/Q (HIGH)

 There are 33 register/latch pins with no clock driven by root clock pin: U4/divider_reg[11]/Q (HIGH)

 There are 33 register/latch pins with no clock driven by root clock pin: U4/divider_reg[12]/Q (HIGH)

 There are 33 register/latch pins with no clock driven by root clock pin: U4/divider_reg[13]/Q (HIGH)

 There are 33 register/latch pins with no clock driven by root clock pin: U4/divider_reg[14]/Q (HIGH)

 There are 33 register/latch pins with no clock driven by root clock pin: U4/divider_reg[15]/Q (HIGH)

 There are 33 register/latch pins with no clock driven by root clock pin: U4/divider_reg[16]/Q (HIGH)

 There are 33 register/latch pins with no clock driven by root clock pin: U4/divider_reg[17]/Q (HIGH)

 There are 33 register/latch pins with no clock driven by root clock pin: U4/divider_reg[18]/Q (HIGH)

 There are 33 register/latch pins with no clock driven by root clock pin: U4/divider_reg[19]/Q (HIGH)

 There are 33 register/latch pins with no clock driven by root clock pin: U4/divider_reg[1]/Q (HIGH)

 There are 33 register/latch pins with no clock driven by root clock pin: U4/divider_reg[20]/Q (HIGH)

 There are 33 register/latch pins with no clock driven by root clock pin: U4/divider_reg[21]/Q (HIGH)

 There are 33 register/latch pins with no clock driven by root clock pin: U4/divider_reg[22]/Q (HIGH)

 There are 33 register/latch pins with no clock driven by root clock pin: U4/divider_reg[23]/Q (HIGH)

 There are 33 register/latch pins with no clock driven by root clock pin: U4/divider_reg[24]/Q (HIGH)

 There are 33 register/latch pins with no clock driven by root clock pin: U4/divider_reg[25]/Q (HIGH)

 There are 33 register/latch pins with no clock driven by root clock pin: U4/divider_reg[26]/Q (HIGH)

 There are 33 register/latch pins with no clock driven by root clock pin: U4/divider_reg[27]/Q (HIGH)

 There are 33 register/latch pins with no clock driven by root clock pin: U4/divider_reg[2]/Q (HIGH)

 There are 33 register/latch pins with no clock driven by root clock pin: U4/divider_reg[3]/Q (HIGH)

 There are 33 register/latch pins with no clock driven by root clock pin: U4/divider_reg[4]/Q (HIGH)

 There are 33 register/latch pins with no clock driven by root clock pin: U4/divider_reg[5]/Q (HIGH)

 There are 33 register/latch pins with no clock driven by root clock pin: U4/divider_reg[6]/Q (HIGH)

 There are 33 register/latch pins with no clock driven by root clock pin: U4/divider_reg[7]/Q (HIGH)

 There are 33 register/latch pins with no clock driven by root clock pin: U4/divider_reg[8]/Q (HIGH)

 There are 33 register/latch pins with no clock driven by root clock pin: U4/divider_reg[9]/Q (HIGH)

 There are 23 register/latch pins with no clock driven by root clock pin: U5/divider_reg[0]/Q (HIGH)

 There are 23 register/latch pins with no clock driven by root clock pin: U5/divider_reg[10]/Q (HIGH)

 There are 23 register/latch pins with no clock driven by root clock pin: U5/divider_reg[11]/Q (HIGH)

 There are 23 register/latch pins with no clock driven by root clock pin: U5/divider_reg[12]/Q (HIGH)

 There are 23 register/latch pins with no clock driven by root clock pin: U5/divider_reg[13]/Q (HIGH)

 There are 23 register/latch pins with no clock driven by root clock pin: U5/divider_reg[14]/Q (HIGH)

 There are 23 register/latch pins with no clock driven by root clock pin: U5/divider_reg[15]/Q (HIGH)

 There are 23 register/latch pins with no clock driven by root clock pin: U5/divider_reg[16]/Q (HIGH)

 There are 23 register/latch pins with no clock driven by root clock pin: U5/divider_reg[17]/Q (HIGH)

 There are 23 register/latch pins with no clock driven by root clock pin: U5/divider_reg[18]/Q (HIGH)

 There are 23 register/latch pins with no clock driven by root clock pin: U5/divider_reg[19]/Q (HIGH)

 There are 23 register/latch pins with no clock driven by root clock pin: U5/divider_reg[1]/Q (HIGH)

 There are 23 register/latch pins with no clock driven by root clock pin: U5/divider_reg[20]/Q (HIGH)

 There are 23 register/latch pins with no clock driven by root clock pin: U5/divider_reg[2]/Q (HIGH)

 There are 23 register/latch pins with no clock driven by root clock pin: U5/divider_reg[3]/Q (HIGH)

 There are 23 register/latch pins with no clock driven by root clock pin: U5/divider_reg[4]/Q (HIGH)

 There are 23 register/latch pins with no clock driven by root clock pin: U5/divider_reg[5]/Q (HIGH)

 There are 23 register/latch pins with no clock driven by root clock pin: U5/divider_reg[6]/Q (HIGH)

 There are 23 register/latch pins with no clock driven by root clock pin: U5/divider_reg[7]/Q (HIGH)

 There are 23 register/latch pins with no clock driven by root clock pin: U5/divider_reg[8]/Q (HIGH)

 There are 23 register/latch pins with no clock driven by root clock pin: U5/divider_reg[9]/Q (HIGH)


2. checking constant_clock
--------------------------
 There are 0 register/latch pins with constant_clock.


3. checking pulse_width_clock
-----------------------------
 There are 0 register/latch pins which need pulse_width check


4. checking unconstrained_internal_endpoints
--------------------------------------------
 There are 114 pins that are not constrained for maximum delay. (HIGH)

 There are 0 pins that are not constrained for maximum delay due to constant clock.


5. checking no_input_delay
--------------------------
 There are 17 input ports with no input delay specified. (HIGH)

 There are 0 input ports with no input delay but user has a false path constraint.


6. checking no_output_delay
---------------------------
 There are 37 ports with no output delay specified. (HIGH)

 There are 0 ports with no output delay but user has a false path constraint

 There are 0 ports with no output delay but with a timing clock defined on it or propagating through it


7. checking multiple_clock
--------------------------
 There are 0 register/latch pins with multiple clocks.


8. checking generated_clocks
----------------------------
 There are 0 generated clocks that are not connected to a clock source.


9. checking loops
-----------------
 There are 0 combinational loops in the design.


10. checking partial_input_delay
--------------------------------
 There are 0 input ports with partial input delay specified.


11. checking partial_output_delay
---------------------------------
 There are 0 ports with partial output delay specified.


12. checking latch_loops
------------------------
 There are 0 combinational latch loops in the design through latch input



------------------------------------------------------------------------------------------------
| Design Timing Summary
| ---------------------
------------------------------------------------------------------------------------------------

    WNS(ns)      TNS(ns)  TNS Failing Endpoints  TNS Total Endpoints      WHS(ns)      THS(ns)  THS Failing Endpoints  THS Total Endpoints     WPWS(ns)     TPWS(ns)  TPWS Failing Endpoints  TPWS Total Endpoints  
    -------      -------  ---------------------  -------------------      -------      -------  ---------------------  -------------------     --------     --------  ----------------------  --------------------  
      4.533        0.000                      0                  198        0.128        0.000                      0                  198        4.500        0.000                       0                    89  


All user specified timing constraints are met.


------------------------------------------------------------------------------------------------
| Clock Summary
| -------------
------------------------------------------------------------------------------------------------

Clock        Waveform(ns)       Period(ns)      Frequency(MHz)
-----        ------------       ----------      --------------
sys_clk_pin  {0.000 5.000}      10.000          100.000         


------------------------------------------------------------------------------------------------
| Intra Clock Table
| -----------------
------------------------------------------------------------------------------------------------

Clock             WNS(ns)      TNS(ns)  TNS Failing Endpoints  TNS Total Endpoints      WHS(ns)      THS(ns)  THS Failing Endpoints  THS Total Endpoints     WPWS(ns)     TPWS(ns)  TPWS Failing Endpoints  TPWS Total Endpoints  
-----             -------      -------  ---------------------  -------------------      -------      -------  ---------------------  -------------------     --------     --------  ----------------------  --------------------  
sys_clk_pin         4.533        0.000                      0                  198        0.128        0.000                      0                  198        4.500        0.000                       0                    89  


------------------------------------------------------------------------------------------------
| Inter Clock Table
| -----------------
------------------------------------------------------------------------------------------------

From Clock    To Clock          WNS(ns)      TNS(ns)  TNS Failing Endpoints  TNS Total Endpoints      WHS(ns)      THS(ns)  THS Failing Endpoints  THS Total Endpoints  
----------    --------          -------      -------  ---------------------  -------------------      -------      -------  ---------------------  -------------------  


------------------------------------------------------------------------------------------------
| Other Path Groups Table
| -----------------------
------------------------------------------------------------------------------------------------

Path Group    From Clock    To Clock          WNS(ns)      TNS(ns)  TNS Failing Endpoints  TNS Total Endpoints      WHS(ns)      THS(ns)  THS Failing Endpoints  THS Total Endpoints  
----------    ----------    --------          -------      -------  ---------------------  -------------------      -------      -------  ---------------------  -------------------  


------------------------------------------------------------------------------------------------
| Timing Details
| --------------
------------------------------------------------------------------------------------------------


---------------------------------------------------------------------------------------------------
From Clock:  sys_clk_pin
  To Clock:  sys_clk_pin

Setup :            0  Failing Endpoints,  Worst Slack        4.533ns,  Total Violation        0.000ns
Hold  :            0  Failing Endpoints,  Worst Slack        0.128ns,  Total Violation        0.000ns
PW    :            0  Failing Endpoints,  Worst Slack        4.500ns,  Total Violation        0.000ns
---------------------------------------------------------------------------------------------------


Max Delay Paths
--------------------------------------------------------------------------------------
Slack (MET) :             4.533ns  (required time - arrival time)
  Source:                 U5/divider_reg[12]/C
                            (rising edge-triggered cell FDRE clocked by sys_clk_pin  {rise@0.000ns fall@5.000ns period=10.000ns})
  Destination:            U5/divider_reg[20]/R
                            (rising edge-triggered cell FDRE clocked by sys_clk_pin  {rise@0.000ns fall@5.000ns period=10.000ns})
  Path Group:             sys_clk_pin
  Path Type:              Setup (Max at Slow Process Corner)
  Requirement:            10.000ns  (sys_clk_pin rise@10.000ns - sys_clk_pin rise@0.000ns)
  Data Path Delay:        4.770ns  (logic 0.862ns (18.071%)  route 3.908ns (81.929%))
  Logic Levels:           3  (BUFG=1 LUT6=2)
  Clock Path Skew:        -0.138ns (DCD - SCD + CPR)
    Destination Clock Delay (DCD):    4.921ns = ( 14.921 - 10.000 ) 
    Source Clock Delay      (SCD):    5.236ns
    Clock Pessimism Removal (CPR):    0.177ns
  Clock Uncertainty:      0.035ns  ((TSJ^2 + TIJ^2)^1/2 + DJ) / 2 + PE
    Total System Jitter     (TSJ):    0.071ns
    Total Input Jitter      (TIJ):    0.000ns
    Discrete Jitter          (DJ):    0.000ns
    Phase Error              (PE):    0.000ns

    Location             Delay type                Incr(ns)  Path(ns)    Netlist Resource(s)
  -------------------------------------------------------------------    -------------------
                         (clock sys_clk_pin rise edge)
                                                      0.000     0.000 r  
    E3                                                0.000     0.000 r  CLK (IN)
                         net (fo=0)                   0.000     0.000    CLK
    E3                   IBUF (Prop_ibuf_I_O)         1.482     1.482 r  CLK_IBUF_inst/O
                         net (fo=1, estimated)        2.025     3.507    CLK_IBUF
    BUFGCTRL_X0Y16       BUFG (Prop_bufg_I_O)         0.096     3.603 r  CLK_IBUF_BUFG_inst/O
                         net (fo=88, estimated)       1.633     5.236    U5/CLK_IBUF_BUFG
    SLICE_X50Y98         FDRE                                         r  U5/divider_reg[12]/C
  -------------------------------------------------------------------    -------------------
    SLICE_X50Y98         FDRE (Prop_fdre_C_Q)         0.518     5.754 f  U5/divider_reg[12]/Q
                         net (fo=2, estimated)        0.811     6.565    U5/divider_reg[12]
    SLICE_X51Y97         LUT6 (Prop_lut6_I1_O)        0.124     6.689 r  U5/NET2111_BUFG_inst_i_2/O
                         net (fo=1, estimated)        0.764     7.453    U5/NET2111_BUFG_inst_i_2_n_0
    SLICE_X51Y96         LUT6 (Prop_lut6_I0_O)        0.124     7.577 r  U5/NET2111_BUFG_inst_i_1/O
                         net (fo=1, estimated)        0.716     8.293    NET2111
    BUFGCTRL_X0Y1        BUFG (Prop_bufg_I_O)         0.096     8.389 r  NET2111_BUFG_inst/O
                         net (fo=44, estimated)       1.617    10.006    U5/NET2111_BUFG
    SLICE_X50Y100        FDRE                                         r  U5/divider_reg[20]/R
  -------------------------------------------------------------------    -------------------

                         (clock sys_clk_pin rise edge)
                                                     10.000    10.000 r  
    E3                                                0.000    10.000 r  CLK (IN)
                         net (fo=0)                   0.000    10.000    CLK
    E3                   IBUF (Prop_ibuf_I_O)         1.411    11.411 r  CLK_IBUF_inst/O
                         net (fo=1, estimated)        1.924    13.335    CLK_IBUF
    BUFGCTRL_X0Y16       BUFG (Prop_bufg_I_O)         0.091    13.426 r  CLK_IBUF_BUFG_inst/O
                         net (fo=88, estimated)       1.495    14.921    U5/CLK_IBUF_BUFG
    SLICE_X50Y100        FDRE                                         r  U5/divider_reg[20]/C
                         clock pessimism              0.177    15.098    
                         clock uncertainty           -0.035    15.062    
    SLICE_X50Y100        FDRE (Setup_fdre_C_R)       -0.524    14.538    U5/divider_reg[20]
  -------------------------------------------------------------------
                         required time                         14.538    
                         arrival time                         -10.006    
  -------------------------------------------------------------------
                         slack                                  4.533    





Min Delay Paths
--------------------------------------------------------------------------------------
Slack (MET) :             0.128ns  (arrival time - required time)
  Source:                 U5/divider_reg[18]/C
                            (rising edge-triggered cell FDRE clocked by sys_clk_pin  {rise@0.000ns fall@5.000ns period=10.000ns})
  Destination:            U5/divider_reg[20]/D
                            (rising edge-triggered cell FDRE clocked by sys_clk_pin  {rise@0.000ns fall@5.000ns period=10.000ns})
  Path Group:             sys_clk_pin
  Path Type:              Hold (Min at Fast Process Corner)
  Requirement:            0.000ns  (sys_clk_pin rise@0.000ns - sys_clk_pin rise@0.000ns)
  Data Path Delay:        0.526ns  (logic 0.373ns (70.854%)  route 0.153ns (29.146%))
  Logic Levels:           2  (CARRY4=2)
  Clock Path Skew:        0.264ns (DCD - SCD - CPR)
    Destination Clock Delay (DCD):    2.194ns
    Source Clock Delay      (SCD):    1.694ns
    Clock Pessimism Removal (CPR):    0.236ns

    Location             Delay type                Incr(ns)  Path(ns)    Netlist Resource(s)
  -------------------------------------------------------------------    -------------------
                         (clock sys_clk_pin rise edge)
                                                      0.000     0.000 r  
    E3                                                0.000     0.000 r  CLK (IN)
                         net (fo=0)                   0.000     0.000    CLK
    E3                   IBUF (Prop_ibuf_I_O)         0.250     0.250 r  CLK_IBUF_inst/O
                         net (fo=1, estimated)        0.854     1.103    CLK_IBUF
    BUFGCTRL_X0Y16       BUFG (Prop_bufg_I_O)         0.026     1.129 r  CLK_IBUF_BUFG_inst/O
                         net (fo=88, estimated)       0.565     1.694    U5/CLK_IBUF_BUFG
    SLICE_X50Y99         FDRE                                         r  U5/divider_reg[18]/C
  -------------------------------------------------------------------    -------------------
    SLICE_X50Y99         FDRE (Prop_fdre_C_Q)         0.164     1.858 r  U5/divider_reg[18]/Q
                         net (fo=2, estimated)        0.153     2.012    U5/divider_reg[18]
    SLICE_X50Y99         CARRY4 (Prop_carry4_S[2]_CO[3])
                                                      0.156     2.168 r  U5/divider_reg[16]_i_1__0/CO[3]
                         net (fo=1, estimated)        0.000     2.168    U5/divider_reg[16]_i_1__0_n_0
    SLICE_X50Y100        CARRY4 (Prop_carry4_CI_O[0])
                                                      0.053     2.221 r  U5/divider_reg[20]_i_1__0/O[0]
                         net (fo=1, routed)           0.000     2.221    U5/divider_reg[20]_i_1__0_n_7
    SLICE_X50Y100        FDRE                                         r  U5/divider_reg[20]/D
  -------------------------------------------------------------------    -------------------

                         (clock sys_clk_pin rise edge)
                                                      0.000     0.000 r  
    E3                                                0.000     0.000 r  CLK (IN)
                         net (fo=0)                   0.000     0.000    CLK
    E3                   IBUF (Prop_ibuf_I_O)         0.438     0.438 r  CLK_IBUF_inst/O
                         net (fo=1, estimated)        0.899     1.336    CLK_IBUF
    BUFGCTRL_X0Y16       BUFG (Prop_bufg_I_O)         0.029     1.365 r  CLK_IBUF_BUFG_inst/O
                         net (fo=88, estimated)       0.829     2.194    U5/CLK_IBUF_BUFG
    SLICE_X50Y100        FDRE                                         r  U5/divider_reg[20]/C
                         clock pessimism             -0.236     1.958    
    SLICE_X50Y100        FDRE (Hold_fdre_C_D)         0.134     2.092    U5/divider_reg[20]
  -------------------------------------------------------------------
                         required time                         -2.092    
                         arrival time                           2.221    
  -------------------------------------------------------------------
                         slack                                  0.128    





Pulse Width Checks
--------------------------------------------------------------------------------------
Clock Name:         sys_clk_pin
Waveform(ns):       { 0.000 5.000 }
Period(ns):         10.000
Sources:            { CLK }

Check Type        Corner  Lib Pin  Reference Pin  Required(ns)  Actual(ns)  Slack(ns)  Location        Pin
Min Period        n/a     BUFG/I   n/a            2.155         10.000      7.845      BUFGCTRL_X0Y16  CLK_IBUF_BUFG_inst/I
Low Pulse Width   Slow    FDRE/C   n/a            0.500         5.000       4.500      SLICE_X0Y87     U2/RGBL_reg[2]/C
High Pulse Width  Fast    FDRE/C   n/a            0.500         5.000       4.500      SLICE_X0Y85     U2/RGBW_reg[2]_lopt_replica_2/C



