Copyright 1986-2017 Xilinx, Inc. All Rights Reserved.
--------------------------------------------------------------------------------------------
| Tool Version : Vivado v.2017.4 (win64) Build 2086221 Fri Dec 15 20:55:39 MST 2017
| Date         : Fri Jan 11 21:59:53 2019
| Host         : Lenovo-Y50 running 64-bit major release  (build 9200)
| Command      : report_control_sets -verbose -file CombinationLock_control_sets_placed.rpt
| Design       : CombinationLock
| Device       : xc7a100t
--------------------------------------------------------------------------------------------

Control Set Information

Table of Contents
-----------------
1. Summary
2. Flip-Flop Distribution
3. Detailed Control Set Information

1. Summary
----------

+----------------------------------------------------------+-------+
|                          Status                          | Count |
+----------------------------------------------------------+-------+
| Number of unique control sets                            |    10 |
| Unused register locations in slices containing registers |    42 |
+----------------------------------------------------------+-------+


2. Flip-Flop Distribution
-------------------------

+--------------+-----------------------+------------------------+-----------------+--------------+
| Clock Enable | Synchronous Set/Reset | Asynchronous Set/Reset | Total Registers | Total Slices |
+--------------+-----------------------+------------------------+-----------------+--------------+
| No           | No                    | No                     |               3 |            2 |
| No           | No                    | Yes                    |               0 |            0 |
| No           | Yes                   | No                     |              35 |           20 |
| Yes          | No                    | No                     |              13 |            6 |
| Yes          | No                    | Yes                    |               0 |            0 |
| Yes          | Yes                   | No                     |              11 |            2 |
+--------------+-----------------------+------------------------+-----------------+--------------+


3. Detailed Control Set Information
-----------------------------------

+--------------------------+-------------------------------------+-------------------------+------------------+----------------+
|       Clock Signal       |            Enable Signal            |     Set/Reset Signal    | Slice Load Count | Bel Load Count |
+--------------------------+-------------------------------------+-------------------------+------------------+----------------+
|  MESSAGE_reg[0]_i_2_n_0  |                                     | MESSAGE1                |                1 |              1 |
|  UNLOCK_reg/G0           |                                     |                         |                1 |              1 |
|  CLK_IBUF_BUFG           |                                     |                         |                1 |              2 |
|  MESSAGE_reg[2]_i_2_n_0  |                                     | MESSAGE_reg[2]_i_3_n_0  |                1 |              2 |
|  CLK_IBUF_BUFG           | DELTA                               |                         |                1 |              4 |
|  CLK_IBUF_BUFG           | FSM_sequential_State_reg[3]_i_1_n_0 |                         |                3 |              4 |
|  CLK_IBUF_BUFG           | PASSWORD                            |                         |                2 |              5 |
|  CLK_IBUF_BUFG           | PASSWORD                            | PASSWORD[10]_i_1_n_0    |                2 |             11 |
|  DISPLAY_reg[15]_i_1_n_0 |                                     | DISPLAY_reg[15]_i_2_n_0 |                9 |             16 |
|  LEDS_reg[15]_i_1_n_0    |                                     | DISPLAY_reg[15]_i_2_n_0 |                9 |             16 |
+--------------------------+-------------------------------------+-------------------------+------------------+----------------+


+--------+-----------------------+
| Fanout | Number of ControlSets |
+--------+-----------------------+
| 1      |                     2 |
| 2      |                     2 |
| 4      |                     2 |
| 5      |                     1 |
| 11     |                     1 |
| 16+    |                     2 |
+--------+-----------------------+


