#-----------------------------------------------------------
# Vivado v2017.4 (64-bit)
# SW Build 2086221 on Fri Dec 15 20:55:39 MST 2017
# IP Build 2085800 on Fri Dec 15 22:25:07 MST 2017
# Start of session at: Sat Jan 19 00:56:57 2019
# Process ID: 10152
# Current directory: d:/Dokumenty/Pulpit/programming_stuff/projekty_wersje_ostateczne/FPGACombinationLock/FPGACombinationLock/CombinationLock/implement
# Command line: vivado.exe -mode batch -log vivado.log -journal transcript.log -source d:/Dokumenty/Pulpit/programming_stuff/projekty_wersje_ostateczne/FPGACombinationLock/FPGACombinationLock/CombinationLock/implement/run_vivado.tcl
# Log file: d:/Dokumenty/Pulpit/programming_stuff/projekty_wersje_ostateczne/FPGACombinationLock/FPGACombinationLock/CombinationLock/implement/vivado.log
# Journal file: d:/Dokumenty/Pulpit/programming_stuff/projekty_wersje_ostateczne/FPGACombinationLock/FPGACombinationLock/CombinationLock/implement\transcript.log
#-----------------------------------------------------------
source d:/Dokumenty/Pulpit/programming_stuff/projekty_wersje_ostateczne/FPGACombinationLock/FPGACombinationLock/CombinationLock/implement/run_vivado.tcl
# create_project -force CombinationLockSystem {d:\Dokumenty\Pulpit\programming_stuff\projekty_wersje_ostateczne\FPGACombinationLock\FPGACombinationLock\CombinationLock\implement} -part 7a100tcsg324-1
INFO: [ProjectBase 1-489] The host OS only allows 260 characters in a normal path. The project is stored in a path with more than 80 characters. If you experience issues with IP, Block Designs, or files not being found, please consider moving the project to a location with a shorter path. Alternately consider using the OS subst command to map part of the path to a drive letter.
Current project path is 'd:/Dokumenty/Pulpit/programming_stuff/projekty_wersje_ostateczne/FPGACombinationLock/FPGACombinationLock/CombinationLock/implement'
# set_property design_mode GateLvl [current_fileset]
INFO: [Vivado 12-3498] Setting project source management mode (property SOURCE_MGMT_MODE) to "None".
# set_property top CombinationLockSystem [current_fileset]
# set_property XPM_LIBRARIES {XPM_CDC XPM_MEMORY} [current_project]
# add_files -norecurse {d:\Dokumenty\Pulpit\programming_stuff\projekty_wersje_ostateczne\FPGACombinationLock\FPGACombinationLock\CombinationLock\synthesis\CombinationLockSystem.edn}
# read_xdc {d:\Dokumenty\Pulpit\programming_stuff\projekty_wersje_ostateczne\FPGACombinationLock\FPGACombinationLock\CombinationLock\src\CombinationLock.xdc}
# link_design
Command: link_design
Design is defaulting to srcset: sources_1
Design is defaulting to constrset: constrs_1
Design is defaulting to project part: xc7a100tcsg324-1
Parsing EDIF File [d:/Dokumenty/Pulpit/programming_stuff/projekty_wersje_ostateczne/FPGACombinationLock/FPGACombinationLock/CombinationLock/synthesis/CombinationLockSystem.edn]
Finished Parsing EDIF File [d:/Dokumenty/Pulpit/programming_stuff/projekty_wersje_ostateczne/FPGACombinationLock/FPGACombinationLock/CombinationLock/synthesis/CombinationLockSystem.edn]
INFO: [Netlist 29-17] Analyzing 52 Unisim elements for replacement
INFO: [Netlist 29-28] Unisim Transformation completed in 0 CPU seconds
INFO: [Project 1-479] Netlist was created with Vivado 2017.4
INFO: [Device 21-403] Loading part xc7a100tcsg324-1
INFO: [Project 1-570] Preparing netlist for logic optimization
Parsing XDC File [d:/Dokumenty/Pulpit/programming_stuff/projekty_wersje_ostateczne/FPGACombinationLock/FPGACombinationLock/CombinationLock/src/CombinationLock.xdc]
Finished Parsing XDC File [d:/Dokumenty/Pulpit/programming_stuff/projekty_wersje_ostateczne/FPGACombinationLock/FPGACombinationLock/CombinationLock/src/CombinationLock.xdc]
INFO: [Opt 31-138] Pushed 0 inverter(s) to 0 load pin(s).
INFO: [Project 1-111] Unisim Transformation Summary:
No Unisim elements were transformed.

7 Infos, 0 Warnings, 0 Critical Warnings and 0 Errors encountered.
link_design completed successfully
link_design: Time (s): cpu = 00:00:08 ; elapsed = 00:00:09 . Memory (MB): peak = 581.457 ; gain = 339.891
# opt_design -verbose -directive Default
Command: opt_design -verbose -directive Default
INFO: [Vivado_Tcl 4-136] Directive used for opt_design is: Default
Attempting to get a license for feature 'Implementation' and/or device 'xc7a100t'
INFO: [Common 17-349] Got license for feature 'Implementation' and/or device 'xc7a100t'
Running DRC as a precondition to command opt_design

Starting DRC Task
INFO: [DRC 23-27] Running DRC with 2 threads
INFO: [Project 1-461] DRC finished with 0 Errors
INFO: [Project 1-462] Please refer to the DRC report (report_drc) for more information.

Time (s): cpu = 00:00:02 ; elapsed = 00:00:00.717 . Memory (MB): peak = 593.504 ; gain = 12.047
INFO: [Timing 38-35] Done setting XDC timing constraints.

Starting Logic Optimization Task

Phase 1 Retarget
INFO: [Opt 31-442] LUT Reduction optimized 0 LUTs
INFO: [Opt 31-138] Pushed 0 inverter(s) to 0 load pin(s).
INFO: [Opt 31-49] Retargeted 0 cell(s).
Phase 1 Retarget | Checksum: 1c59634cf

Time (s): cpu = 00:00:00 ; elapsed = 00:00:00.035 . Memory (MB): peak = 1155.387 ; gain = 0.000
INFO: [Opt 31-389] Phase Retarget created 0 cells and removed 0 cells

Phase 2 Constant propagation
INFO: [Opt 31-442] LUT Reduction optimized 0 LUTs
INFO: [Opt 31-138] Pushed 0 inverter(s) to 0 load pin(s).
Phase 2 Constant propagation | Checksum: 1c59634cf

Time (s): cpu = 00:00:00 ; elapsed = 00:00:00.046 . Memory (MB): peak = 1155.387 ; gain = 0.000
INFO: [Opt 31-389] Phase Constant propagation created 0 cells and removed 0 cells

Phase 3 Sweep
INFO: [Opt 31-131] Removed net: U1/FSM_sequential_State_reg[0]_i_3_n_3
INFO: [Opt 31-131] Removed net: U1/FSM_sequential_State_reg[0]_i_4_n_1
INFO: [Opt 31-131] Removed net: U1/FSM_sequential_State_reg[0]_i_4_n_2
INFO: [Opt 31-131] Removed net: U1/FSM_sequential_State_reg[0]_i_4_n_3
INFO: [Opt 31-131] Removed net: U1/FSM_sequential_State_reg[3]_i_6_n_3
INFO: [Opt 31-131] Removed net: U1/FSM_sequential_State_reg[3]_i_7_n_1
INFO: [Opt 31-131] Removed net: U1/FSM_sequential_State_reg[3]_i_7_n_2
INFO: [Opt 31-131] Removed net: U1/FSM_sequential_State_reg[3]_i_7_n_3
INFO: [Opt 31-131] Removed net: U2/RGBW0_carry__0_n_1
INFO: [Opt 31-131] Removed net: U2/RGBW0_carry__0_n_2
INFO: [Opt 31-131] Removed net: U2/RGBW0_carry__0_n_3
INFO: [Opt 31-131] Removed net: U2/RGBW0_carry__1_n_1
INFO: [Opt 31-131] Removed net: U2/RGBW0_carry__1_n_2
INFO: [Opt 31-131] Removed net: U2/RGBW0_carry__1_n_3
INFO: [Opt 31-131] Removed net: U2/RGBW0_carry__2_n_1
INFO: [Opt 31-131] Removed net: U2/RGBW0_carry__2_n_2
INFO: [Opt 31-131] Removed net: U2/RGBW0_carry__2_n_3
INFO: [Opt 31-131] Removed net: U2/RGBW0_carry_n_1
INFO: [Opt 31-131] Removed net: U2/RGBW0_carry_n_2
INFO: [Opt 31-131] Removed net: U2/RGBW0_carry_n_3
INFO: [Opt 31-131] Removed net: U2/white_led_time1_carry__0_n_1
INFO: [Opt 31-131] Removed net: U2/white_led_time1_carry__0_n_2
INFO: [Opt 31-131] Removed net: U2/white_led_time1_carry__0_n_3
INFO: [Opt 31-131] Removed net: U2/white_led_time1_carry__1_n_1
INFO: [Opt 31-131] Removed net: U2/white_led_time1_carry__1_n_2
INFO: [Opt 31-131] Removed net: U2/white_led_time1_carry__1_n_3
INFO: [Opt 31-131] Removed net: U2/white_led_time1_carry_n_1
INFO: [Opt 31-131] Removed net: U2/white_led_time1_carry_n_2
INFO: [Opt 31-131] Removed net: U2/white_led_time1_carry_n_3
INFO: [Opt 31-131] Removed net: U2/white_led_time_reg[0]_i_2_n_1
INFO: [Opt 31-131] Removed net: U2/white_led_time_reg[0]_i_2_n_2
INFO: [Opt 31-131] Removed net: U2/white_led_time_reg[0]_i_2_n_3
INFO: [Opt 31-131] Removed net: U2/white_led_time_reg[12]_i_1_n_1
INFO: [Opt 31-131] Removed net: U2/white_led_time_reg[12]_i_1_n_2
INFO: [Opt 31-131] Removed net: U2/white_led_time_reg[12]_i_1_n_3
INFO: [Opt 31-131] Removed net: U2/white_led_time_reg[16]_i_1_n_1
INFO: [Opt 31-131] Removed net: U2/white_led_time_reg[16]_i_1_n_2
INFO: [Opt 31-131] Removed net: U2/white_led_time_reg[16]_i_1_n_3
INFO: [Opt 31-131] Removed net: U2/white_led_time_reg[20]_i_1_n_1
INFO: [Opt 31-131] Removed net: U2/white_led_time_reg[20]_i_1_n_2
INFO: [Opt 31-131] Removed net: U2/white_led_time_reg[20]_i_1_n_3
INFO: [Opt 31-131] Removed net: U2/white_led_time_reg[24]_i_1_n_1
INFO: [Opt 31-131] Removed net: U2/white_led_time_reg[24]_i_1_n_2
INFO: [Opt 31-131] Removed net: U2/white_led_time_reg[24]_i_1_n_3
INFO: [Opt 31-131] Removed net: U2/white_led_time_reg[28]_i_1_n_1
INFO: [Opt 31-131] Removed net: U2/white_led_time_reg[28]_i_1_n_2
INFO: [Opt 31-131] Removed net: U2/white_led_time_reg[28]_i_1_n_3
INFO: [Opt 31-131] Removed net: U2/white_led_time_reg[4]_i_1_n_1
INFO: [Opt 31-131] Removed net: U2/white_led_time_reg[4]_i_1_n_2
INFO: [Opt 31-131] Removed net: U2/white_led_time_reg[4]_i_1_n_3
INFO: [Opt 31-131] Removed net: U2/white_led_time_reg[8]_i_1_n_1
INFO: [Opt 31-131] Removed net: U2/white_led_time_reg[8]_i_1_n_2
INFO: [Opt 31-131] Removed net: U2/white_led_time_reg[8]_i_1_n_3
INFO: [Opt 31-131] Removed net: U4/divider_reg[0]_i_1_n_1
INFO: [Opt 31-131] Removed net: U4/divider_reg[0]_i_1_n_2
INFO: [Opt 31-131] Removed net: U4/divider_reg[0]_i_1_n_3
INFO: [Opt 31-131] Removed net: U4/divider_reg[12]_i_1_n_1
INFO: [Opt 31-131] Removed net: U4/divider_reg[12]_i_1_n_2
INFO: [Opt 31-131] Removed net: U4/divider_reg[12]_i_1_n_3
INFO: [Opt 31-131] Removed net: U4/divider_reg[16]_i_1_n_1
INFO: [Opt 31-131] Removed net: U4/divider_reg[16]_i_1_n_2
INFO: [Opt 31-131] Removed net: U4/divider_reg[16]_i_1_n_3
INFO: [Opt 31-131] Removed net: U4/divider_reg[20]_i_1_n_1
INFO: [Opt 31-131] Removed net: U4/divider_reg[20]_i_1_n_2
INFO: [Opt 31-131] Removed net: U4/divider_reg[20]_i_1_n_3
INFO: [Opt 31-131] Removed net: U4/divider_reg[24]_i_1_n_1
INFO: [Opt 31-131] Removed net: U4/divider_reg[24]_i_1_n_2
INFO: [Opt 31-131] Removed net: U4/divider_reg[24]_i_1_n_3
INFO: [Opt 31-131] Removed net: U4/divider_reg[4]_i_1_n_1
INFO: [Opt 31-131] Removed net: U4/divider_reg[4]_i_1_n_2
INFO: [Opt 31-131] Removed net: U4/divider_reg[4]_i_1_n_3
INFO: [Opt 31-131] Removed net: U4/divider_reg[8]_i_1_n_1
INFO: [Opt 31-131] Removed net: U4/divider_reg[8]_i_1_n_2
INFO: [Opt 31-131] Removed net: U4/divider_reg[8]_i_1_n_3
INFO: [Opt 31-131] Removed net: U5/divider_reg[0]_i_1__0_n_1
INFO: [Opt 31-131] Removed net: U5/divider_reg[0]_i_1__0_n_2
INFO: [Opt 31-131] Removed net: U5/divider_reg[0]_i_1__0_n_3
INFO: [Opt 31-131] Removed net: U5/divider_reg[12]_i_1__0_n_1
INFO: [Opt 31-131] Removed net: U5/divider_reg[12]_i_1__0_n_2
INFO: [Opt 31-131] Removed net: U5/divider_reg[12]_i_1__0_n_3
INFO: [Opt 31-131] Removed net: U5/divider_reg[16]_i_1__0_n_1
INFO: [Opt 31-131] Removed net: U5/divider_reg[16]_i_1__0_n_2
INFO: [Opt 31-131] Removed net: U5/divider_reg[16]_i_1__0_n_3
INFO: [Opt 31-131] Removed net: U5/divider_reg[4]_i_1__0_n_1
INFO: [Opt 31-131] Removed net: U5/divider_reg[4]_i_1__0_n_2
INFO: [Opt 31-131] Removed net: U5/divider_reg[4]_i_1__0_n_3
INFO: [Opt 31-131] Removed net: U5/divider_reg[8]_i_1__0_n_1
INFO: [Opt 31-131] Removed net: U5/divider_reg[8]_i_1__0_n_2
INFO: [Opt 31-131] Removed net: U5/divider_reg[8]_i_1__0_n_3
Phase 3 Sweep | Checksum: 1a75107a4

Time (s): cpu = 00:00:00 ; elapsed = 00:00:00.072 . Memory (MB): peak = 1155.387 ; gain = 0.000
INFO: [Opt 31-389] Phase Sweep created 2 cells and removed 0 cells

Phase 4 BUFG optimization
Phase 4 BUFG optimization | Checksum: 1a75107a4

Time (s): cpu = 00:00:00 ; elapsed = 00:00:00.087 . Memory (MB): peak = 1155.387 ; gain = 0.000
INFO: [Opt 31-389] Phase BUFG optimization created 0 cells and removed 0 cells

Phase 5 Shift Register Optimization
Phase 5 Shift Register Optimization | Checksum: 1a75107a4

Time (s): cpu = 00:00:00 ; elapsed = 00:00:00.094 . Memory (MB): peak = 1155.387 ; gain = 0.000
INFO: [Opt 31-389] Phase Shift Register Optimization created 0 cells and removed 0 cells
INFO: [Opt 31-131] Removed net: lopt_2

Starting Connectivity Check Task

Time (s): cpu = 00:00:00 ; elapsed = 00:00:00.001 . Memory (MB): peak = 1155.387 ; gain = 0.000
Ending Logic Optimization Task | Checksum: 202622bfc

Time (s): cpu = 00:00:00 ; elapsed = 00:00:00.101 . Memory (MB): peak = 1155.387 ; gain = 0.000

Starting Power Optimization Task
Begin power optimizations | Checksum: 11019c6c5
INFO: [Pwropt 34-132] Skipping clock gating for clocks with a period < 2.00 ns.
INFO: [Pwropt 34-50] Optimizing power for module CombinationLockSystem ...
INFO: [Pwropt 34-167] No BRAM present in this design. Skipping BRAM power optimization.
End power optimizations | Checksum: 11019c6c5
Power optimization: Time (s): cpu = 00:00:00 ; elapsed = 00:00:00.011 . Memory (MB): peak = 1155.387 ; gain = 0.000
INFO: [Pwropt 34-198] Malloced memory gain at end of power optimization: 0 bytes
Ending Power Optimization Task | Checksum: 11019c6c5

Time (s): cpu = 00:00:00 ; elapsed = 00:00:00.011 . Memory (MB): peak = 1155.387 ; gain = 0.000
INFO: [Common 17-83] Releasing license: Implementation
111 Infos, 0 Warnings, 0 Critical Warnings and 0 Errors encountered.
opt_design completed successfully
opt_design: Time (s): cpu = 00:00:16 ; elapsed = 00:00:15 . Memory (MB): peak = 1155.387 ; gain = 573.930
# write_checkpoint -force {CombinationLockSystem_opt.dcp}
Writing placer database...
Writing XDEF routing.
Writing XDEF routing logical nets.
Writing XDEF routing special nets.
Write XDEF Complete: Time (s): cpu = 00:00:00 ; elapsed = 00:00:00.056 . Memory (MB): peak = 1155.387 ; gain = 0.000
INFO: [Common 17-1381] The checkpoint 'd:/Dokumenty/Pulpit/programming_stuff/projekty_wersje_ostateczne/FPGACombinationLock/FPGACombinationLock/CombinationLock/implement/CombinationLockSystem_opt.dcp' has been generated.
# catch { report_drc -file {CombinationLockSystem_opted.rpt} }
Command: report_drc -file CombinationLockSystem_opted.rpt
INFO: [IP_Flow 19-234] Refreshing IP repositories
INFO: [IP_Flow 19-1704] No user IP repositories specified
INFO: [IP_Flow 19-2313] Loaded Vivado IP repository 'D:/Programs/Vivado/2017/Vivado/2017.4/data/ip'.
INFO: [DRC 23-27] Running DRC with 2 threads
INFO: [Coretcl 2-168] The results of DRC are in file d:/Dokumenty/Pulpit/programming_stuff/projekty_wersje_ostateczne/FPGACombinationLock/FPGACombinationLock/CombinationLock/implement/CombinationLockSystem_opted.rpt.
report_drc completed successfully
# place_design -verbose -directive Default
Command: place_design -verbose -directive Default
Attempting to get a license for feature 'Implementation' and/or device 'xc7a100t'
INFO: [Common 17-349] Got license for feature 'Implementation' and/or device 'xc7a100t'
INFO: [DRC 23-27] Running DRC with 2 threads
INFO: [Vivado_Tcl 4-198] DRC finished with 0 Errors
INFO: [Vivado_Tcl 4-199] Please refer to the DRC report (report_drc) for more information.
Running DRC as a precondition to command place_design
INFO: [DRC 23-27] Running DRC with 2 threads
INFO: [Vivado_Tcl 4-198] DRC finished with 0 Errors
INFO: [Vivado_Tcl 4-199] Please refer to the DRC report (report_drc) for more information.

Starting Placer Task
INFO: [Place 46-5] The placer was invoked with the 'Default' directive.
INFO: [Place 30-611] Multithreading enabled for place_design using a maximum of 2 CPUs

Phase 1 Placer Initialization

Phase 1.1 Placer Initialization Netlist Sorting
Netlist sorting complete. Time (s): cpu = 00:00:00 ; elapsed = 00:00:00 . Memory (MB): peak = 1155.387 ; gain = 0.000
Phase 1.1 Placer Initialization Netlist Sorting | Checksum: c254aadc

Time (s): cpu = 00:00:00 ; elapsed = 00:00:00.006 . Memory (MB): peak = 1155.387 ; gain = 0.000
INFO: [Timing 38-35] Done setting XDC timing constraints.
INFO: [Opt 31-138] Pushed 0 inverter(s) to 0 load pin(s).
Netlist sorting complete. Time (s): cpu = 00:00:00 ; elapsed = 00:00:00.001 . Memory (MB): peak = 1155.387 ; gain = 0.000

Phase 1.2 IO Placement/ Clock Placement/ Build Placer Device
INFO: [Timing 38-35] Done setting XDC timing constraints.
Phase 1.2 IO Placement/ Clock Placement/ Build Placer Device | Checksum: 12f18c564

Time (s): cpu = 00:00:05 ; elapsed = 00:00:03 . Memory (MB): peak = 1155.387 ; gain = 0.000

Phase 1.3 Build Placer Netlist Model
Phase 1.3 Build Placer Netlist Model | Checksum: 1ab9fb5c3

Time (s): cpu = 00:00:05 ; elapsed = 00:00:03 . Memory (MB): peak = 1155.387 ; gain = 0.000

Phase 1.4 Constrain Clocks/Macros
Phase 1.4 Constrain Clocks/Macros | Checksum: 1ab9fb5c3

Time (s): cpu = 00:00:05 ; elapsed = 00:00:03 . Memory (MB): peak = 1155.387 ; gain = 0.000
Phase 1 Placer Initialization | Checksum: 1ab9fb5c3

Time (s): cpu = 00:00:05 ; elapsed = 00:00:03 . Memory (MB): peak = 1155.387 ; gain = 0.000

Phase 2 Global Placement
Phase 2 Global Placement | Checksum: 161b38135

Time (s): cpu = 00:00:06 ; elapsed = 00:00:04 . Memory (MB): peak = 1155.387 ; gain = 0.000

Phase 3 Detail Placement

Phase 3.1 Commit Multi Column Macros
Phase 3.1 Commit Multi Column Macros | Checksum: 161b38135

Time (s): cpu = 00:00:06 ; elapsed = 00:00:04 . Memory (MB): peak = 1155.387 ; gain = 0.000

Phase 3.2 Commit Most Macros & LUTRAMs
Phase 3.2 Commit Most Macros & LUTRAMs | Checksum: 267e54828

Time (s): cpu = 00:00:06 ; elapsed = 00:00:04 . Memory (MB): peak = 1155.387 ; gain = 0.000

Phase 3.3 Area Swap Optimization
Phase 3.3 Area Swap Optimization | Checksum: 24de86aa4

Time (s): cpu = 00:00:06 ; elapsed = 00:00:04 . Memory (MB): peak = 1155.387 ; gain = 0.000

Phase 3.4 Pipeline Register Optimization
Phase 3.4 Pipeline Register Optimization | Checksum: 24de86aa4

Time (s): cpu = 00:00:06 ; elapsed = 00:00:04 . Memory (MB): peak = 1155.387 ; gain = 0.000

Phase 3.5 Small Shape Detail Placement
Phase 3.5 Small Shape Detail Placement | Checksum: 20687cc9f

Time (s): cpu = 00:00:06 ; elapsed = 00:00:04 . Memory (MB): peak = 1155.387 ; gain = 0.000

Phase 3.6 Re-assign LUT pins
Phase 3.6 Re-assign LUT pins | Checksum: 23cc22da8

Time (s): cpu = 00:00:07 ; elapsed = 00:00:04 . Memory (MB): peak = 1155.387 ; gain = 0.000

Phase 3.7 Pipeline Register Optimization
Phase 3.7 Pipeline Register Optimization | Checksum: 23cc22da8

Time (s): cpu = 00:00:07 ; elapsed = 00:00:04 . Memory (MB): peak = 1155.387 ; gain = 0.000
Phase 3 Detail Placement | Checksum: 23cc22da8

Time (s): cpu = 00:00:07 ; elapsed = 00:00:04 . Memory (MB): peak = 1155.387 ; gain = 0.000

Phase 4 Post Placement Optimization and Clean-Up

Phase 4.1 Post Commit Optimization
INFO: [Timing 38-35] Done setting XDC timing constraints.

Phase 4.1.1 Post Placement Optimization
Post Placement Optimization Initialization | Checksum: 2075d9569

Phase 4.1.1.1 BUFG Insertion
INFO: [Physopt 32-721] Multithreading enabled for phys_opt_design using a maximum of 2 CPUs
INFO: [Place 46-31] BUFG insertion identified 0 candidate nets, 0 success, 0 skipped for placement/routing, 0 skipped for timing, 0 skipped for netlist change reason.
Phase 4.1.1.1 BUFG Insertion | Checksum: 2075d9569

Time (s): cpu = 00:00:07 ; elapsed = 00:00:05 . Memory (MB): peak = 1168.699 ; gain = 13.313
INFO: [Place 30-746] Post Placement Timing Summary WNS=4.533. For the most accurate timing information please run report_timing.
Phase 4.1.1 Post Placement Optimization | Checksum: 1bfaae5d3

Time (s): cpu = 00:00:07 ; elapsed = 00:00:05 . Memory (MB): peak = 1168.699 ; gain = 13.313
Phase 4.1 Post Commit Optimization | Checksum: 1bfaae5d3

Time (s): cpu = 00:00:07 ; elapsed = 00:00:05 . Memory (MB): peak = 1168.699 ; gain = 13.313

Phase 4.2 Post Placement Cleanup
Phase 4.2 Post Placement Cleanup | Checksum: 1bfaae5d3

Time (s): cpu = 00:00:07 ; elapsed = 00:00:05 . Memory (MB): peak = 1168.699 ; gain = 13.313

Phase 4.3 Placer Reporting
Phase 4.3 Placer Reporting | Checksum: 1bfaae5d3

Time (s): cpu = 00:00:07 ; elapsed = 00:00:05 . Memory (MB): peak = 1168.699 ; gain = 13.313

Phase 4.4 Final Placement Cleanup
Phase 4.4 Final Placement Cleanup | Checksum: 1c92af70c

Time (s): cpu = 00:00:07 ; elapsed = 00:00:05 . Memory (MB): peak = 1168.699 ; gain = 13.313
Phase 4 Post Placement Optimization and Clean-Up | Checksum: 1c92af70c

Time (s): cpu = 00:00:07 ; elapsed = 00:00:05 . Memory (MB): peak = 1168.699 ; gain = 13.313
Ending Placer Task | Checksum: 1419b6b3e

Time (s): cpu = 00:00:07 ; elapsed = 00:00:05 . Memory (MB): peak = 1168.699 ; gain = 13.313
INFO: [Common 17-83] Releasing license: Implementation
17 Infos, 0 Warnings, 0 Critical Warnings and 0 Errors encountered.
place_design completed successfully
place_design: Time (s): cpu = 00:00:08 ; elapsed = 00:00:05 . Memory (MB): peak = 1168.699 ; gain = 13.313
# catch { write_pcf -force {CombinationLockSystem.pcf} }
# write_checkpoint -force {CombinationLockSystem_placed.dcp}
Writing placer database...
Writing XDEF routing.
Writing XDEF routing logical nets.
Writing XDEF routing special nets.
Write XDEF Complete: Time (s): cpu = 00:00:00 ; elapsed = 00:00:00.100 . Memory (MB): peak = 1169.012 ; gain = 0.313
INFO: [Common 17-1381] The checkpoint 'd:/Dokumenty/Pulpit/programming_stuff/projekty_wersje_ostateczne/FPGACombinationLock/FPGACombinationLock/CombinationLock/implement/CombinationLockSystem_placed.dcp' has been generated.
# catch { report_io -file {CombinationLockSystem_io_placed.rpt} }
report_io: Time (s): cpu = 00:00:00 ; elapsed = 00:00:00.080 . Memory (MB): peak = 1169.012 ; gain = 0.000
# catch { report_clock_utilization -file {CombinationLockSystem_clock_utilization_placed.rpt} }
# catch { report_utilization -file {CombinationLockSystem_utilization_placed.rpt} }
report_utilization: Time (s): cpu = 00:00:00 ; elapsed = 00:00:00.060 . Memory (MB): peak = 1169.012 ; gain = 0.000
# catch { report_control_sets -verbose -file {CombinationLockSystem_control_sets_placed.rpt} }
report_control_sets: Time (s): cpu = 00:00:00 ; elapsed = 00:00:00.007 . Memory (MB): peak = 1169.012 ; gain = 0.000
# catch { report_timing_summary -file {CombinationLockSystem_timing_summary_placed.rpt} }
INFO: [Timing 38-91] UpdateTimingParams: Speed grade: -1, Delay Type: min_max.
INFO: [Timing 38-191] Multithreading enabled for timing update using a maximum of 2 CPUs
# power_opt_design -verbose
Command: power_opt_design -verbose
Attempting to get a license for feature 'Implementation' and/or device 'xc7a100t'
INFO: [Common 17-349] Got license for feature 'Implementation' and/or device 'xc7a100t'
Begin power optimizations | Checksum: 18f608727
INFO: [Pwropt 34-50] Optimizing power for module CombinationLockSystem ...
INFO: [Pwropt 34-207] Design is in post-place state. Running in post-place mode.
Pre-processing: Time (s): cpu = 00:00:00 ; elapsed = 00:00:00.014 . Memory (MB): peak = 1230.039 ; gain = 9.027
INFO: [Pwropt 34-9] Applying IDT optimizations ...
IDT: Time (s): cpu = 00:00:00 ; elapsed = 00:00:00.033 . Memory (MB): peak = 1230.039 ; gain = 0.000
INFO: [Pwropt 34-10] Applying ODC optimizations ...
INFO: [Physopt 32-619] Estimated Timing Summary | WNS=4.533 | TNS=0.000 |
PSMgr Creation: Time (s): cpu = 00:00:02 ; elapsed = 00:00:02 . Memory (MB): peak = 1230.121 ; gain = 9.109
Running Vector-less Activity Propagation...

Finished Running Vector-less Activity Propagation
INFO: [Pwropt 34-215] Skipped ODC enables for 0 nets in BRAM flops in bus-based analysis.
INFO: [Pwropt 34-214] Skipped ODC enables for 0 nets in BRAM address flops in bus-based analysis.
ODC: Time (s): cpu = 00:00:03 ; elapsed = 00:00:03 . Memory (MB): peak = 1248.473 ; gain = 18.434
Power optimization passes: Time (s): cpu = 00:00:03 ; elapsed = 00:00:03 . Memory (MB): peak = 1248.473 ; gain = 27.461

INFO: [Pwropt 34-77] Creating clock enable groups ...
INFO: [Pwropt 34-96] Including small groups for filtering based on enable probabilities.
 Done
Grouping enables: Time (s): cpu = 00:00:00 ; elapsed = 00:00:00.285 . Memory (MB): peak = 1248.473 ; gain = 0.000


Starting PowerOpt Patch Enables Task
INFO: [Pwropt 34-26] Patching clock gating enable signals for design CombinationLockSystem ...
INFO: [Pwropt 34-162] WRITE_MODE attribute of 0 BRAM(s) out of a total of 0 has been updated to save power. Run report_power_opt to get a complete listing of the BRAMs updated.
INFO: [Pwropt 34-201] Structural ODC has moved 0 WE to EN ports
INFO: [Pwropt 34-100] Patcher adaptive clustering : original flop clusters 17 accepted clusters 2

Number of Slice Registers augmented: 0 newly gated: 8 Total: 144
Number of SRLs augmented: 0  newly gated: 0 Total: 0
Number of BRAM Ports augmented: 0 newly gated: 0 Total Ports: 0
Number of Flops added for Enable Generation: 0

Flops dropped: 0/8 RAMS dropped: 0/0 Clusters dropped: 0/2 Enables dropped: 0

Number of LUTs created for enable logic : 
    LUT1 : 0
    LUT2 : 0
    LUT3 : 0
    LUT4 : 0
    LUT5 : 1
    LUT6 : 0

Patching clock gating enables finished successfully.
Ending PowerOpt Patch Enables Task | Checksum: 15392cc72

Time (s): cpu = 00:00:01 ; elapsed = 00:00:00.127 . Memory (MB): peak = 1248.473 ; gain = 0.000
INFO: [Pwropt 34-30] Power optimization finished successfully.
End power optimizations | Checksum: 1973988e9
Power optimization: Time (s): cpu = 00:00:04 ; elapsed = 00:00:03 . Memory (MB): peak = 1248.473 ; gain = 79.461
INFO: [Pwropt 34-198] Malloced memory gain at end of power optimization: 0 bytes
INFO: [Common 17-83] Releasing license: Implementation
17 Infos, 0 Warnings, 0 Critical Warnings and 0 Errors encountered.
power_opt_design completed successfully
# write_checkpoint -force {CombinationLockSystem_postplace_pwropt.dcp}
Writing placer database...
Writing XDEF routing.
Writing XDEF routing logical nets.
Writing XDEF routing special nets.
Write XDEF Complete: Time (s): cpu = 00:00:00 ; elapsed = 00:00:00.087 . Memory (MB): peak = 1248.473 ; gain = 0.000
INFO: [Common 17-1381] The checkpoint 'd:/Dokumenty/Pulpit/programming_stuff/projekty_wersje_ostateczne/FPGACombinationLock/FPGACombinationLock/CombinationLock/implement/CombinationLockSystem_postplace_pwropt.dcp' has been generated.
# catch { report_drc -file {CombinationLockSystem_postplace_pwropted.rpt} }
Command: report_drc -file CombinationLockSystem_postplace_pwropted.rpt
INFO: [IP_Flow 19-1839] IP Catalog is up to date.
INFO: [DRC 23-27] Running DRC with 2 threads
INFO: [Coretcl 2-168] The results of DRC are in file d:/Dokumenty/Pulpit/programming_stuff/projekty_wersje_ostateczne/FPGACombinationLock/FPGACombinationLock/CombinationLock/implement/CombinationLockSystem_postplace_pwropted.rpt.
report_drc completed successfully
# route_design -verbose -directive Default
Command: route_design -verbose -directive Default
Attempting to get a license for feature 'Implementation' and/or device 'xc7a100t'
INFO: [Common 17-349] Got license for feature 'Implementation' and/or device 'xc7a100t'
INFO: [DRC 23-27] Running DRC with 2 threads
INFO: [Vivado_Tcl 4-198] DRC finished with 0 Errors
INFO: [Vivado_Tcl 4-199] Please refer to the DRC report (report_drc) for more information.
Running DRC as a precondition to command route_design
INFO: [DRC 23-27] Running DRC with 2 threads
INFO: [Vivado_Tcl 4-198] DRC finished with 0 Errors
INFO: [Vivado_Tcl 4-199] Please refer to the DRC report (report_drc) for more information.


Starting Routing Task
INFO: [Route 35-270] Using Router directive 'Default'.
INFO: [Route 35-254] Multithreading enabled for route_design using a maximum of 2 CPUs
Checksum: PlaceDB: a1993d7a ConstDB: 0 ShapeSum: db7076b3 RouteDB: 0

Phase 1 Build RT Design
Phase 1 Build RT Design | Checksum: 113a454bd

Time (s): cpu = 00:00:46 ; elapsed = 00:00:41 . Memory (MB): peak = 1311.141 ; gain = 62.668
Post Restoration Checksum: NetGraph: 5f433e44 NumContArr: b4611679 Constraints: 0 Timing: 0

Phase 2 Router Initialization

Phase 2.1 Create Timer
Phase 2.1 Create Timer | Checksum: 113a454bd

Time (s): cpu = 00:00:46 ; elapsed = 00:00:41 . Memory (MB): peak = 1311.141 ; gain = 62.668

Phase 2.2 Fix Topology Constraints
Phase 2.2 Fix Topology Constraints | Checksum: 113a454bd

Time (s): cpu = 00:00:46 ; elapsed = 00:00:41 . Memory (MB): peak = 1316.742 ; gain = 68.270

Phase 2.3 Pre Route Cleanup
Phase 2.3 Pre Route Cleanup | Checksum: 113a454bd

Time (s): cpu = 00:00:46 ; elapsed = 00:00:41 . Memory (MB): peak = 1316.742 ; gain = 68.270
 Number of Nodes with overlaps = 0

Phase 2.4 Update Timing
Phase 2.4 Update Timing | Checksum: 1f25cc527

Time (s): cpu = 00:00:47 ; elapsed = 00:00:42 . Memory (MB): peak = 1332.645 ; gain = 84.172
INFO: [Route 35-416] Intermediate Timing Summary | WNS=4.893  | TNS=0.000  | WHS=-0.019 | THS=-0.261 |

Phase 2 Router Initialization | Checksum: 164005b70

Time (s): cpu = 00:00:47 ; elapsed = 00:00:42 . Memory (MB): peak = 1332.645 ; gain = 84.172

Phase 3 Initial Routing
Phase 3 Initial Routing | Checksum: 20946171f

Time (s): cpu = 00:00:47 ; elapsed = 00:00:42 . Memory (MB): peak = 1332.645 ; gain = 84.172

Phase 4 Rip-up And Reroute

Phase 4.1 Global Iteration 0
 Number of Nodes with overlaps = 25
 Number of Nodes with overlaps = 0
INFO: [Route 35-416] Intermediate Timing Summary | WNS=4.155  | TNS=0.000  | WHS=N/A    | THS=N/A    |

Phase 4.1 Global Iteration 0 | Checksum: 178379b3a

Time (s): cpu = 00:00:47 ; elapsed = 00:00:43 . Memory (MB): peak = 1332.645 ; gain = 84.172
Phase 4 Rip-up And Reroute | Checksum: 178379b3a

Time (s): cpu = 00:00:47 ; elapsed = 00:00:43 . Memory (MB): peak = 1332.645 ; gain = 84.172

Phase 5 Delay and Skew Optimization

Phase 5.1 Delay CleanUp
Phase 5.1 Delay CleanUp | Checksum: 178379b3a

Time (s): cpu = 00:00:47 ; elapsed = 00:00:43 . Memory (MB): peak = 1332.645 ; gain = 84.172

Phase 5.2 Clock Skew Optimization
Phase 5.2 Clock Skew Optimization | Checksum: 178379b3a

Time (s): cpu = 00:00:47 ; elapsed = 00:00:43 . Memory (MB): peak = 1332.645 ; gain = 84.172
Phase 5 Delay and Skew Optimization | Checksum: 178379b3a

Time (s): cpu = 00:00:47 ; elapsed = 00:00:43 . Memory (MB): peak = 1332.645 ; gain = 84.172

Phase 6 Post Hold Fix

Phase 6.1 Hold Fix Iter

Phase 6.1.1 Update Timing
Phase 6.1.1 Update Timing | Checksum: 13ba64022

Time (s): cpu = 00:00:47 ; elapsed = 00:00:43 . Memory (MB): peak = 1332.645 ; gain = 84.172
INFO: [Route 35-416] Intermediate Timing Summary | WNS=4.155  | TNS=0.000  | WHS=0.099  | THS=0.000  |

Phase 6.1 Hold Fix Iter | Checksum: 13ba64022

Time (s): cpu = 00:00:47 ; elapsed = 00:00:43 . Memory (MB): peak = 1332.645 ; gain = 84.172
Phase 6 Post Hold Fix | Checksum: 13ba64022

Time (s): cpu = 00:00:47 ; elapsed = 00:00:43 . Memory (MB): peak = 1332.645 ; gain = 84.172

Phase 7 Route finalize

Router Utilization Summary
  Global Vertical Routing Utilization    = 0.0609305 %
  Global Horizontal Routing Utilization  = 0.0455385 %
  Routable Net Status*
  *Does not include unroutable nets such as driverless and loadless.
  Run report_route_status for detailed report.
  Number of Failed Nets               = 0
  Number of Unrouted Nets             = 0
  Number of Partially Routed Nets     = 0
  Number of Node Overlaps             = 0

Phase 7 Route finalize | Checksum: 16ed434c0

Time (s): cpu = 00:00:48 ; elapsed = 00:00:43 . Memory (MB): peak = 1332.645 ; gain = 84.172

Phase 8 Verifying routed nets

 Verification completed successfully
Phase 8 Verifying routed nets | Checksum: 16ed434c0

Time (s): cpu = 00:00:48 ; elapsed = 00:00:43 . Memory (MB): peak = 1332.645 ; gain = 84.172

Phase 9 Depositing Routes
Phase 9 Depositing Routes | Checksum: 135741f45

Time (s): cpu = 00:00:48 ; elapsed = 00:00:43 . Memory (MB): peak = 1332.645 ; gain = 84.172

Phase 10 Post Router Timing
INFO: [Route 35-57] Estimated Timing Summary | WNS=4.155  | TNS=0.000  | WHS=0.099  | THS=0.000  |

INFO: [Route 35-327] The final timing numbers are based on the router estimated timing analysis. For a complete and accurate timing signoff, please run report_timing_summary.
Phase 10 Post Router Timing | Checksum: 135741f45

Time (s): cpu = 00:00:48 ; elapsed = 00:00:43 . Memory (MB): peak = 1332.645 ; gain = 84.172
INFO: [Route 35-16] Router Completed Successfully

Time (s): cpu = 00:00:48 ; elapsed = 00:00:43 . Memory (MB): peak = 1332.645 ; gain = 84.172

Routing Is Done.
INFO: [Common 17-83] Releasing license: Implementation
16 Infos, 0 Warnings, 0 Critical Warnings and 0 Errors encountered.
route_design completed successfully
route_design: Time (s): cpu = 00:00:50 ; elapsed = 00:00:44 . Memory (MB): peak = 1332.645 ; gain = 84.172
# write_checkpoint -force {CombinationLockSystem_routed.dcp}
Writing placer database...
Writing XDEF routing.
Writing XDEF routing logical nets.
Writing XDEF routing special nets.
Write XDEF Complete: Time (s): cpu = 00:00:00 ; elapsed = 00:00:00.113 . Memory (MB): peak = 1332.645 ; gain = 0.000
INFO: [Common 17-1381] The checkpoint 'd:/Dokumenty/Pulpit/programming_stuff/projekty_wersje_ostateczne/FPGACombinationLock/FPGACombinationLock/CombinationLock/implement/CombinationLockSystem_routed.dcp' has been generated.
# write_verilog -mode timesim -sdf_anno false -force {CombinationLockSystem.v}
# write_sdf -mode timesim -force {CombinationLockSystem.sdf}
# catch { report_drc -file {CombinationLockSystem_drc_routed.rpt} }
Command: report_drc -file CombinationLockSystem_drc_routed.rpt
INFO: [IP_Flow 19-1839] IP Catalog is up to date.
INFO: [DRC 23-27] Running DRC with 2 threads
INFO: [Coretcl 2-168] The results of DRC are in file d:/Dokumenty/Pulpit/programming_stuff/projekty_wersje_ostateczne/FPGACombinationLock/FPGACombinationLock/CombinationLock/implement/CombinationLockSystem_drc_routed.rpt.
report_drc completed successfully
# catch { report_power -file {CombinationLockSystem_power_routed.rpt} }
Command: report_power -file CombinationLockSystem_power_routed.rpt
Running Vector-less Activity Propagation...

Finished Running Vector-less Activity Propagation
0 Infos, 0 Warnings, 0 Critical Warnings and 0 Errors encountered.
report_power completed successfully
# catch { report_route_status -file {CombinationLockSystem_route_status_routed.rpt} }
# catch { report_timing_summary -file {CombinationLockSystem_timing_summary_routed.rpt} }
INFO: [Timing 38-91] UpdateTimingParams: Speed grade: -1, Delay Type: min_max.
INFO: [Timing 38-191] Multithreading enabled for timing update using a maximum of 2 CPUs
# write_bitstream -force -file {CombinationLockSystem.bit}
Command: write_bitstream -force -file CombinationLockSystem.bit
Attempting to get a license for feature 'Implementation' and/or device 'xc7a100t'
INFO: [Common 17-349] Got license for feature 'Implementation' and/or device 'xc7a100t'
Running DRC as a precondition to command write_bitstream
INFO: [IP_Flow 19-1839] IP Catalog is up to date.
INFO: [DRC 23-27] Running DRC with 2 threads
WARNING: [DRC CFGBVS-1] Missing CFGBVS and CONFIG_VOLTAGE Design Properties: Neither the CFGBVS nor CONFIG_VOLTAGE voltage property is set in the current_design.  Configuration bank voltage select (CFGBVS) must be set to VCCO or GND, and CONFIG_VOLTAGE must be set to the correct configuration voltage, in order to determine the I/O voltage support for the pins in bank 0.  It is suggested to specify these either using the 'Edit Device Properties' function in the GUI or directly in the XDC file using the following syntax:

 set_property CFGBVS value1 [current_design]
 #where value1 is either VCCO or GND

 set_property CONFIG_VOLTAGE value2 [current_design]
 #where value2 is the voltage provided to configuration bank 0

Refer to the device configuration user guide for more information.
INFO: [Vivado 12-3199] DRC finished with 0 Errors, 1 Warnings
INFO: [Vivado 12-3200] Please refer to the DRC report (report_drc) for more information.
INFO: [Project 1-821] Please set project.enableDesignId to be 'true'.
INFO: [Designutils 20-2272] Running write_bitstream with 2 threads.
Loading data files...
Loading site data...
Loading route data...
Processing options...
Creating bitmap...
Creating bitstream...
Writing bitstream ./CombinationLockSystem.bit...
INFO: [Vivado 12-1842] Bitgen Completed Successfully.
INFO: [Project 1-120] WebTalk data collection is mandatory when using a WebPACK part without a full Vivado license. To see the specific WebTalk data collected for your design, open the usage_statistics_webtalk.html or usage_statistics_webtalk.xml file in the implementation directory.
INFO: [Common 17-83] Releasing license: Implementation
10 Infos, 1 Warnings, 0 Critical Warnings and 0 Errors encountered.
write_bitstream completed successfully
write_bitstream: Time (s): cpu = 00:00:21 ; elapsed = 00:00:20 . Memory (MB): peak = 1766.711 ; gain = 413.855
INFO: [Common 17-206] Exiting Vivado at Sat Jan 19 00:58:51 2019...
